<?xml version="1.0" encoding="utf-8"?><testsuites name="pytest tests"><testsuite name="pytest" errors="0" failures="0" skipped="0" tests="159" time="9.398" timestamp="2026-08-20T10:21:10.091398+08:00" hostname="TC-RD-ACC"><testcase classname="tests.integration.test_approved_dataset" name="test_current_approved_dataset_matches_allowlist_and_normalizes_filters" time="0.440" /><testcase classname="tests.integration.test_v2_artifacts" name="test_v2_candidate_is_complete_schema_valid_and_non_production" time="4.782" /><testcase classname="tests.integration.test_v2_artifacts" name="test_preflight_and_candidate_are_immutable" time="1.174" /><testcase classname="tests.unit.test_allowlist_and_loader" name="test_allowlist_normalizes_missing_entry_source_id" time="0.007" /><testcase classname="tests.unit.test_allowlist_and_loader" name="test_governance_is_exposed_and_external_execution_fails_closed" time="0.006" /><testcase classname="tests.unit.test_allowlist_and_loader" name="test_external_hash_attestation_is_required_and_must_match[None]" time="0.007" /><testcase classname="tests.unit.test_allowlist_and_loader" name="test_external_hash_attestation_is_required_and_must_match[not-a-sha256]" time="0.008" /><testcase classname="tests.unit.test_allowlist_and_loader" name="test_external_hash_attestation_is_required_and_must_match[0000000000000000000000000000000000000000000000000000000000000000]" time="0.009" /><testcase classname="tests.unit.test_allowlist_and_loader" name="test_matching_external_hash_attestation_allows_effective_manifest" time="0.007" /><testcase classname="tests.unit.test_allowlist_and_loader" name="test_unsigned_staging_override_allows_exactly_attested_development_manifest" time="0.006" /><testcase classname="tests.unit.test_allowlist_and_loader" name="test_unsigned_staging_override_never_bypasses_external_hash_attestation[None]" time="0.007" /><testcase classname="tests.unit.test_allowlist_and_loader" name="test_unsigned_staging_override_never_bypasses_external_hash_attestation[0000000000000000000000000000000000000000000000000000000000000000]" time="0.008" /><testcase classname="tests.unit.test_allowlist_and_loader" name="test_owner_signature_can_still_be_required_explicitly_in_staging" time="0.008" /><testcase classname="tests.unit.test_allowlist_and_loader" name="test_production_context_never_uses_unsigned_override[production-False]" time="0.006" /><testcase classname="tests.unit.test_allowlist_and_loader" name="test_production_context_never_uses_unsigned_override[production-True]" time="0.006" /><testcase classname="tests.unit.test_allowlist_and_loader" name="test_production_context_never_uses_unsigned_override[staging-True]" time="0.006" /><testcase classname="tests.unit.test_allowlist_and_loader" name="test_revoked_manifest_is_not_eligible_for_unsigned_staging_override" time="0.009" /><testcase classname="tests.unit.test_allowlist_and_loader" name="test_chunk_outside_allowlist_is_rejected" time="0.012" /><testcase classname="tests.unit.test_allowlist_and_loader" name="test_duplicate_chunk_id_is_rejected" time="0.016" /><testcase classname="tests.unit.test_allowlist_and_loader" name="test_unreviewed_sibling_directories_are_rejected[pending-revalidation]" time="0.009" /><testcase classname="tests.unit.test_allowlist_and_loader" name="test_unreviewed_sibling_directories_are_rejected[not-authorized]" time="0.007" /><testcase classname="tests.unit.test_allowlist_and_loader" name="test_invalid_jsonl_is_rejected_without_returning_partial_set" time="0.009" /><testcase classname="tests.unit.test_allowlist_and_loader" name="test_duplicate_json_key_is_rejected_without_returning_partial_set" time="0.011" /><testcase classname="tests.unit.test_allowlist_and_loader" name="test_allowlist_duplicate_ids_are_rejected" time="0.011" /><testcase classname="tests.unit.test_allowlist_and_loader" name="test_allowlist_duplicate_json_key_is_rejected" time="0.009" /><testcase classname="tests.unit.test_allowlist_and_loader" name="test_unsigned_override_cannot_bypass_declared_allowlist_counts[source_count]" time="0.010" /><testcase classname="tests.unit.test_allowlist_and_loader" name="test_unsigned_override_cannot_bypass_declared_allowlist_counts[chunk_count]" time="0.012" /><testcase classname="tests.unit.test_allowlist_builder" name="test_rebuilt_manifest_is_accepted_by_the_real_validator" time="0.016" /><testcase classname="tests.unit.test_allowlist_builder" name="test_rebuild_is_stable_when_nothing_changed" time="0.013" /><testcase classname="tests.unit.test_allowlist_builder" name="test_reformatting_alone_is_not_reported_as_a_change" time="0.008" /><testcase classname="tests.unit.test_allowlist_builder" name="test_edited_chunk_text_is_reported_as_rehashed" time="0.012" /><testcase classname="tests.unit.test_allowlist_builder" name="test_chunk_from_an_unreviewed_source_is_refused" time="0.010" /><testcase classname="tests.unit.test_allowlist_builder" name="test_builder_refuses_to_hash_uncleared_directories[pending-revalidation]" time="0.007" /><testcase classname="tests.unit.test_allowlist_builder" name="test_builder_refuses_to_hash_uncleared_directories[not-authorized]" time="0.007" /><testcase classname="tests.unit.test_allowlist_builder" name="test_governance_is_carried_over_and_never_elevated" time="0.007" /><testcase classname="tests.unit.test_allowlist_builder" name="test_removed_chunk_file_drops_the_entry_and_updates_counts" time="0.009" /><testcase classname="tests.unit.test_bedrock_embedder" name="test_embedder_uses_cohere_v4_document_shape_and_parses_both_responses[False]" time="0.002" /><testcase classname="tests.unit.test_bedrock_embedder" name="test_embedder_uses_cohere_v4_document_shape_and_parses_both_responses[True]" time="0.002" /><testcase classname="tests.unit.test_bedrock_embedder" name="test_wrong_vector_dimension_fails_entire_embedding_run" time="0.002" /><testcase classname="tests.unit.test_bedrock_embedder" name="test_external_embedding_artifact_round_trip" time="0.016" /><testcase classname="tests.unit.test_bedrock_embedder" name="test_embedding_artifact_inside_repo_is_rejected" time="0.008" /><testcase classname="tests.unit.test_bedrock_embedder" name="test_embedding_artifact_rejects_model_mismatch" time="0.018" /><testcase classname="tests.unit.test_bedrock_embedder" name="test_embedding_artifact_rejects_allowlist_mismatch" time="0.018" /><testcase classname="tests.unit.test_bedrock_embedder" name="test_embedding_artifact_rejects_dimension_mismatch_in_manifest" time="0.018" /><testcase classname="tests.unit.test_bulk_ingester" name="test_bulk_ingest_uses_chunk_id_as_id_and_verifies_count" time="0.046" /><testcase classname="tests.unit.test_bulk_ingester" name="test_wrong_vector_dimension_fails_before_bulk" time="0.009" /><testcase classname="tests.unit.test_bulk_ingester" name="test_verify_waits_for_serverless_document_visibility" time="0.010" /><testcase classname="tests.unit.test_bulk_ingester" name="test_post_ingest_count_mismatch_rolls_back_staging_index" time="0.012" /><testcase classname="tests.unit.test_bulk_ingester" name="test_count_above_expected_rolls_back_without_waiting" time="0.012" /><testcase classname="tests.unit.test_bulk_ingester" name="test_post_ingest_duplicate_chunk_id_rolls_back" time="0.011" /><testcase classname="tests.unit.test_bulk_ingester" name="test_high_risk_filter_fields_are_normalized_at_top_level" time="0.010" /><testcase classname="tests.unit.test_bulk_ingester" name="test_official_page_url_is_accepted_when_no_direct_file_link_exists" time="0.008" /><testcase classname="tests.unit.test_bulk_ingester" name="test_direct_file_link_still_wins_over_the_page_url" time="0.064" /><testcase classname="tests.unit.test_bulk_ingester" name="test_unpaginated_source_is_indexed_without_page_numbers" time="0.009" /><testcase classname="tests.unit.test_bulk_ingester" name="test_half_populated_page_range_is_rejected" time="0.012" /><testcase classname="tests.unit.test_bulk_ingester" name="test_missing_stop_normal_rag_defaults_to_blocked" time="0.010" /><testcase classname="tests.unit.test_bulk_ingester" name="test_complete_policy_metadata_is_explicitly_retrieval_eligible" time="0.009" /><testcase classname="tests.unit.test_bulk_ingester" name="test_incomplete_policy_metadata_is_indexed_but_blocked[current_status-unknown-current_status_not_current]" time="0.008" /><testcase classname="tests.unit.test_bulk_ingester" name="test_incomplete_policy_metadata_is_indexed_but_blocked[risk_level-unknown-risk_level_not_allowed]" time="0.012" /><testcase classname="tests.unit.test_bulk_ingester" name="test_incomplete_policy_metadata_is_indexed_but_blocked[risk_level-LOW-risk_level_not_allowed]" time="0.009" /><testcase classname="tests.unit.test_bulk_ingester" name="test_incomplete_policy_metadata_is_indexed_but_blocked[allowed_audiences-value3-allowed_audiences_missing_or_empty]" time="0.009" /><testcase classname="tests.unit.test_bulk_ingester" name="test_incomplete_policy_metadata_is_indexed_but_blocked[allowed_audiences-value4-allowed_audiences_missing_or_empty]" time="0.008" /><testcase classname="tests.unit.test_bulk_ingester" name="test_incomplete_policy_metadata_is_indexed_but_blocked[allowed_purposes-value5-allowed_purposes_missing_or_empty]" time="0.012" /><testcase classname="tests.unit.test_bulk_ingester" name="test_incomplete_policy_metadata_is_indexed_but_blocked[requires_official_assessment-None-requires_official_assessment_missing]" time="0.009" /><testcase classname="tests.unit.test_bulk_ingester" name="test_incomplete_policy_metadata_is_indexed_but_blocked[requires_professional_assessment-None-requires_professional_assessment_missing]" time="0.010" /><testcase classname="tests.unit.test_bulk_ingester" name="test_assessment_metadata_must_be_a_real_boolean[requires_official_assessment]" time="0.010" /><testcase classname="tests.unit.test_bulk_ingester" name="test_assessment_metadata_must_be_a_real_boolean[requires_professional_assessment]" time="0.011" /><testcase classname="tests.unit.test_cli" name="test_cli_embedding_failure_reports_success_and_failure_counts" time="0.002" /><testcase classname="tests.unit.test_cli" name="test_inspect_pipelines_is_read_only_and_reports_governance_and_mismatch" time="0.012" /><testcase classname="tests.unit.test_cli" name="test_cli_reports_safe_dependency_diagnostics" time="0.002" /><testcase classname="tests.unit.test_cli" name="test_cli_reports_safe_local_configuration_failure_reason[IndexConfigurationError]" time="0.002" /><testcase classname="tests.unit.test_cli" name="test_cli_reports_safe_local_configuration_failure_reason[SettingsError]" time="0.002" /><testcase classname="tests.unit.test_cli" name="test_cli_reports_safe_local_configuration_failure_reason[SmokeTestError]" time="0.002" /><testcase classname="tests.unit.test_cli" name="test_cli_rejects_unsafe_local_configuration_failure_reason[unsafe\nreason]" time="0.002" /><testcase classname="tests.unit.test_cli" name="test_cli_rejects_unsafe_local_configuration_failure_reason[xxxxxxxxxxxxxxxxxxxxxxxxxxxxxxxxxxxxxxxxxxxxxxxxxxxxxxxxxxxxxxxxxxxxxxxxxxxxxxxxxxxxxxxxxxxxxxxxxxxxxxxxxxxxxxxxxxxxxxxxxxxxxxxxxxxxxxxxxxxxxxxxxxxxxxxxxxxxxxxxxxxxxxxxxxxxxxxxxxxxxxxxxxxxxxxxxxxxxxxxxxxxxxxxxxxxxxxxxxxxxxxxxxxxxxxxxxxxxxxxxxxxxxxxxxxxxxxxxxxxxxxxxxxxxxxxxxxxxxxxxxxxxxxxxxxxxxxxxxxxxxxxxxxxxxxxxxxxxxxxxxxxxxxxxxxxxxxxxxxxxxxxxxxxxxxxxxxxxxxxxxxxxxxxxxxxxxxxxxxxxxxxxxxxxxxxxxxxxxxxxxxxxxxxxxxxxxxxxxxxxxxxxxxxxxxxxxxxxxxxxxxxxxxxxxxxxxxxxxxxxxxxxxxxxxxxxxxxxxxxxxxxxxxxxxxxxxxxxxxxxxxxxxxxxxxxx]" time="0.002" /><testcase classname="tests.unit.test_cli" name="test_cli_create_index_reports_bounded_opensearch_reason" time="0.002" /><testcase classname="tests.unit.test_cli" name="test_cli_create_index_uses_safe_root_cause_reason" time="0.002" /><testcase classname="tests.unit.test_cli" name="test_cli_only_emits_safe_create_index_request_reason[unsafe\nreason]" time="0.002" /><testcase classname="tests.unit.test_cli" name="test_cli_only_emits_safe_create_index_request_reason[xxxxxxxxxxxxxxxxxxxxxxxxxxxxxxxxxxxxxxxxxxxxxxxxxxxxxxxxxxxxxxxxxxxxxxxxxxxxxxxxxxxxxxxxxxxxxxxxxxxxxxxxxxxxxxxxxxxxxxxxxxxxxxxxxxxxxxxxxxxxxxxxxxxxxxxxxxxxxxxxxxxxxxxxxxxxxxxxxxxxxxxxxxxxxxxxxxxxxxxxxxxxxxxxxxxxxxxxxxxxxxxxxxxxxxxxxxxxxxxxxxxxxxxxxxxxxxxxxxxxxxxxxxxxxxxxxxxxxxxxxxxxxxxxxxxxxxxxxxxxxxxxxxxxxxxxxxxxxxxxxxxxxxxxxxxxxxxxxxxxxxxxxxxxxxxxxxxxxxxxxxxxxxxxxxxxxxxxxxxxxxxxxxxxxxxxxxxxxxxxxxxxxxxxxxxxxxxxxxxxxxxxxxxxxxxxxxxxxxxxxxxxxxxxxxxxxxxxxxxxxxxxxxxxxxxxxxxxxxxxxxxxxxxxxxxxxxxxxxxxxxxxxxxxxxxxx]" time="0.002" /><testcase classname="tests.unit.test_cli" name="test_cli_does_not_emit_request_reason_for_ingest" time="0.002" /><testcase classname="tests.unit.test_cli" name="test_generate_embeddings_passes_effective_allowlist_to_guarded_workflow" time="0.011" /><testcase classname="tests.unit.test_cli" name="test_external_commands_check_attestation_before_sdk_initialization[_create_index]" time="0.015" /><testcase classname="tests.unit.test_cli" name="test_external_commands_check_attestation_before_sdk_initialization[_generate_embeddings]" time="0.011" /><testcase classname="tests.unit.test_cli" name="test_external_commands_check_attestation_before_sdk_initialization[_ingest]" time="0.010" /><testcase classname="tests.unit.test_cli" name="test_external_commands_check_attestation_before_sdk_initialization[_verify_index]" time="0.012" /><testcase classname="tests.unit.test_cli" name="test_external_commands_check_attestation_before_sdk_initialization[_smoke_test]" time="0.011" /><testcase classname="tests.unit.test_cli" name="test_cli_governance_failure_log_marks_unsigned_development_override" time="0.011" /><testcase classname="tests.unit.test_cli" name="test_cli_post_gate_failure_log_retains_unsigned_governance_markers" time="0.010" /><testcase classname="tests.unit.test_cli" name="test_ingest_persists_verified_receipt_before_alias_activation" time="0.010" /><testcase classname="tests.unit.test_cli" name="test_alias_failure_deletes_new_index_and_persists_failed_receipt" time="0.012" /><testcase classname="tests.unit.test_cli" name="test_final_receipt_failure_restores_alias_and_deletes_new_index" time="0.011" /><testcase classname="tests.unit.test_cli" name="test_multiple_preexisting_alias_targets_are_not_collapsed_to_first" time="0.011" /><testcase classname="tests.unit.test_cli" name="test_smoke_test_queries_verified_alias_not_concrete_index" time="0.009" /><testcase classname="tests.unit.test_cli" name="test_cli_reports_bulk_error_classes_from_the_wrapped_cause" time="0.002" /><testcase classname="tests.unit.test_cli" name="test_cli_reports_provider_error_code_without_the_provider_message" time="0.002" /><testcase classname="tests.unit.test_cli" name="test_persist_receipt_retains_one_file_per_run" time="0.071" /><testcase classname="tests.unit.test_cli" name="test_run_receipt_path_rejects_a_run_id_that_could_escape_the_directory" time="0.001" /><testcase classname="tests.unit.test_cli" name="test_missing_agent_runtime_url_fails_before_opensearch_initialization" time="0.011" /><testcase classname="tests.unit.test_index_manager" name="test_create_fresh_staging_index_and_verify_mapping" time="0.006" /><testcase classname="tests.unit.test_index_manager" name="test_nextgen_index_config_rejects_method_engine" time="0.006" /><testcase classname="tests.unit.test_index_manager" name="test_nextgen_index_config_rejects_missing_required_vector_mapping[missing_path0]" time="0.009" /><testcase classname="tests.unit.test_index_manager" name="test_nextgen_index_config_rejects_missing_required_vector_mapping[missing_path1]" time="0.008" /><testcase classname="tests.unit.test_index_manager" name="test_nextgen_index_config_rejects_missing_required_vector_mapping[missing_path2]" time="0.008" /><testcase classname="tests.unit.test_index_manager" name="test_nextgen_index_config_rejects_missing_required_vector_mapping[missing_path3]" time="0.008" /><testcase classname="tests.unit.test_index_manager" name="test_nextgen_index_config_rejects_missing_required_vector_mapping[missing_path4]" time="0.007" /><testcase classname="tests.unit.test_index_manager" name="test_nextgen_index_config_rejects_invalid_required_vector_mapping[text-1024-cosinesimil-hnsw]" time="0.007" /><testcase classname="tests.unit.test_index_manager" name="test_nextgen_index_config_rejects_invalid_required_vector_mapping[knn_vector-1536-cosinesimil-hnsw]" time="0.006" /><testcase classname="tests.unit.test_index_manager" name="test_nextgen_index_config_rejects_invalid_required_vector_mapping[knn_vector-1024-l2-hnsw]" time="0.006" /><testcase classname="tests.unit.test_index_manager" name="test_nextgen_index_config_rejects_invalid_required_vector_mapping[knn_vector-1024-cosinesimil-ivf]" time="0.006" /><testcase classname="tests.unit.test_index_manager" name="test_checked_in_nextgen_index_config_uses_engine_free_mapping" time="0.001" /><testcase classname="tests.unit.test_index_manager" name="test_existing_index_is_not_overwritten" time="0.006" /><testcase classname="tests.unit.test_index_manager" name="test_mapping_readback_failure_rolls_back_new_index" time="0.006" /><testcase classname="tests.unit.test_index_manager" name="test_mapping_verification_retries_a_transient_not_found" time="0.007" /><testcase classname="tests.unit.test_index_manager" name="test_non_staging_config_is_rejected_when_creating_staging_index" time="0.006" /><testcase classname="tests.unit.test_index_manager" name="test_search_pipeline_names_and_weights_are_loaded_and_provisioned" time="0.010" /><testcase classname="tests.unit.test_index_manager" name="test_pipeline_provider_failure_is_not_converted_to_a_local_failure_reason" time="0.011" /><testcase classname="tests.unit.test_index_manager" name="test_search_pipeline_verification_retries_until_resource_is_visible" time="0.008" /><testcase classname="tests.unit.test_index_manager" name="test_search_pipeline_visibility_timeout_retains_pipeline_and_does_not_create_index" time="0.008" /><testcase classname="tests.unit.test_index_manager" name="test_pipeline_verification_polls_all_pending_pipelines_in_one_window" time="0.008" /><testcase classname="tests.unit.test_index_manager" name="test_pipeline_mismatch_is_detected_before_any_put" time="0.011" /><testcase classname="tests.unit.test_index_manager" name="test_matching_existing_pipeline_is_reused_without_put" time="0.007" /><testcase classname="tests.unit.test_index_manager" name="test_pipeline_inspection_reads_each_pipeline_once_without_mutation" time="0.007" /><testcase classname="tests.unit.test_index_manager" name="test_pipeline_inspection_reports_missing_without_a_configuration_match" time="0.006" /><testcase classname="tests.unit.test_index_manager" name="test_default_visibility_window_is_sixty_seconds" time="0.001" /><testcase classname="tests.unit.test_index_manager" name="test_alias_verification_requires_exactly_one_configured_target" time="0.001" /><testcase classname="tests.unit.test_opensearch_client" name="test_bulk_create_omits_the_refresh_policy_serverless_rejects" time="0.001" /><testcase classname="tests.unit.test_opensearch_client" name="test_from_aws_sets_a_timeout_large_enough_for_a_full_bulk" time="0.001" /><testcase classname="tests.unit.test_opensearch_client" name="test_search_pipeline_requires_acknowledgement" time="0.001" /><testcase classname="tests.unit.test_opensearch_client" name="test_search_pipeline_put_uses_configured_name_and_body" time="0.001" /><testcase classname="tests.unit.test_opensearch_client" name="test_signing_service_is_inferred_from_hostname[https://collection.us-east-1.aoss.amazonaws.com-aoss]" time="0.001" /><testcase classname="tests.unit.test_opensearch_client" name="test_signing_service_is_inferred_from_hostname[search-domain.us-east-1.es.amazonaws.com-es]" time="0.001" /><testcase classname="tests.unit.test_opensearch_client" name="test_signing_service_is_inferred_from_hostname[localhost-es]" time="0.001" /><testcase classname="tests.unit.test_opensearch_client" name="test_smoke_query_requires_explicit_normal_rag_eligibility" time="0.001" /><testcase classname="tests.unit.test_opensearch_client" name="test_smoke_query_rejects_ineligible_hit[current_status-unknown]" time="0.001" /><testcase classname="tests.unit.test_opensearch_client" name="test_smoke_query_rejects_ineligible_hit[stop_normal_rag-True]" time="0.001" /><testcase classname="tests.unit.test_opensearch_client" name="test_smoke_query_rejects_ineligible_hit[risk_level-unknown]" time="0.001" /><testcase classname="tests.unit.test_opensearch_client" name="test_smoke_query_rejects_ineligible_hit[retrieval_eligible-False]" time="0.001" /><testcase classname="tests.unit.test_opensearch_client" name="test_smoke_query_rejects_ineligible_hit[retrieval_block_reasons-value4]" time="0.001" /><testcase classname="tests.unit.test_settings_and_receipt" name="test_settings_reject_non_1024_dimension" time="0.004" /><testcase classname="tests.unit.test_settings_and_receipt" name="test_settings_reject_production_index_name" time="0.003" /><testcase classname="tests.unit.test_settings_and_receipt" name="test_settings_do_not_require_aws_for_local_validation" time="0.003" /><testcase classname="tests.unit.test_settings_and_receipt" name="test_uncleared_chunk_directories_are_refused_before_any_load[pending-revalidation]" time="0.003" /><testcase classname="tests.unit.test_settings_and_receipt" name="test_uncleared_chunk_directories_are_refused_before_any_load[not-authorized]" time="0.003" /><testcase classname="tests.unit.test_settings_and_receipt" name="test_smoke_test_requires_explicit_agent_runtime_base_url" time="0.004" /><testcase classname="tests.unit.test_settings_and_receipt" name="test_unrelated_dotenv_keys_are_ignored" time="0.009" /><testcase classname="tests.unit.test_settings_and_receipt" name="test_governance_environment_flags_default_false_and_parse_explicit_values" time="0.004" /><testcase classname="tests.unit.test_settings_and_receipt" name="test_first_release_refuses_non_staging_external_targets[settings0]" time="0.001" /><testcase classname="tests.unit.test_settings_and_receipt" name="test_first_release_refuses_non_staging_external_targets[settings1]" time="0.001" /><testcase classname="tests.unit.test_settings_and_receipt" name="test_receipt_contains_governance_and_never_vectors_or_text" time="0.021" /><testcase classname="tests.unit.test_settings_and_receipt" name="test_receipt_revalidates_allowlist_attestation_instead_of_trusting_caller" time="0.008" /><testcase classname="tests.unit.test_smoke_test" name="test_checked_in_smoke_config_has_distinct_positive_and_no_data_requests" time="0.003" /><testcase classname="tests.unit.test_smoke_test" name="test_http_smoke_validates_positive_citations_and_no_data_fallback" time="0.001" /><testcase classname="tests.unit.test_smoke_test" name="test_unreachable_agent_runtime_fails_smoke" time="0.001" /><testcase classname="tests.unit.test_smoke_test" name="test_incomplete_positive_citation_fails_smoke" time="0.001" /><testcase classname="tests.unit.test_smoke_test" name="test_no_data_case_must_not_return_success_results" time="0.001" /><testcase classname="tests.unit.test_validator" name="test_hash_mismatch_stops_validation" time="0.011" /><testcase classname="tests.unit.test_validator" name="test_missing_embedding_text_is_rejected" time="0.010" /><testcase classname="tests.unit.test_validator" name="test_duplicate_chunk_id_is_rejected_even_if_loader_is_bypassed" time="0.010" /><testcase classname="tests.unit.test_validator" name="test_valid_complete_set_returns_counts" time="0.010" /></testsuite></testsuites>