<?xml version="1.0" encoding="utf-8"?><testsuites name="pytest tests"><testsuite name="pytest" errors="0" failures="0" skipped="0" tests="242" time="45.367" timestamp="2026-08-21T17:03:23.771174+08:00" hostname="TC-RD-ACC"><properties><property name="validation_input_inventory_sha256" value="14cd498bb1e942fcb4a1a558bd073865eab30e37c9396997da7f509adab08cb9" /><property name="collected_test_node_hash_mode" value="sha256_canonical_json_v1" /><property name="collected_test_node_ids_sha256" value="e2adfd5026abb83573297af3b42add248edfa6fb42890c7393c3720a34bc0b00" /><property name="collected_test_node_count" value="242" /></properties><testcase classname="tests.integration.test_approved_dataset" name="test_current_approved_dataset_matches_allowlist_and_normalizes_filters" time="0.192" /><testcase classname="tests.integration.test_human_review_acceptance" name="test_owner_acceptance_is_bound_to_immutable_pending_package" time="3.517" /><testcase classname="tests.integration.test_human_review_acceptance" name="test_owner_acceptance_refuses_overwrite" time="2.275" /><testcase classname="tests.integration.test_human_review_acceptance" name="test_validator_rejects_production_approval_with_rewritten_checksums" time="3.386" /><testcase classname="tests.integration.test_human_review_acceptance" name="test_validator_rejects_signature_identity_mismatch_with_rewritten_checksums" time="3.349" /><testcase classname="tests.integration.test_human_review_acceptance" name="test_committed_owner_acceptance_is_valid" time="1.154" /><testcase classname="tests.integration.test_human_review_package" name="test_human_review_package_covers_every_chunk_without_auto_review" time="3.706" /><testcase classname="tests.integration.test_human_review_package" name="test_human_review_package_records_missing_local_sources_and_no_external_access" time="2.472" /><testcase classname="tests.integration.test_human_review_package" name="test_human_review_package_is_immutable" time="2.493" /><testcase classname="tests.integration.test_human_review_package" name="test_validator_rejects_a_forged_human_approval_even_with_rewritten_checksums" time="3.446" /><testcase classname="tests.integration.test_human_review_package" name="test_committed_human_review_package_is_valid" time="1.046" /><testcase classname="tests.integration.test_v2_artifacts" name="test_v2_candidate_is_complete_schema_valid_and_non_production" time="4.950" /><testcase classname="tests.integration.test_v2_artifacts" name="test_preflight_hash_bytes_require_utf8_without_bom_and_lf_only" time="0.014" /><testcase classname="tests.integration.test_v2_artifacts" name="test_collected_node_normalization_preserves_escaped_parameter_ids" time="0.001" /><testcase classname="tests.integration.test_v2_artifacts" name="test_preflight_and_candidate_are_immutable" time="2.190" /><testcase classname="tests.integration.test_v2_artifacts" name="test_execution_receipt_is_atomic_immutable_and_deeply_validated" time="0.021" /><testcase classname="tests.integration.test_v2_artifacts" name="test_atomic_publish_refuses_a_final_directory_that_appeared_during_gates" time="0.008" /><testcase classname="tests.integration.test_v2_artifacts" name="test_evidence_runner_atomically_publishes_complete_passing_evidence" time="0.080" /><testcase classname="tests.integration.test_v2_artifacts" name="test_evidence_runner_process_failure_never_publishes_active_evidence[nonzero]" time="0.034" /><testcase classname="tests.integration.test_v2_artifacts" name="test_evidence_runner_process_failure_never_publishes_active_evidence[timeout]" time="0.022" /><testcase classname="tests.integration.test_v2_artifacts" name="test_evidence_runner_detects_inventory_change_during_execution" time="0.036" /><testcase classname="tests.integration.test_v2_artifacts" name="test_evidence_runner_rejects_missing_or_malformed_junit[missing]" time="0.020" /><testcase classname="tests.integration.test_v2_artifacts" name="test_evidence_runner_rejects_missing_or_malformed_junit[malformed]" time="0.033" /><testcase classname="tests.integration.test_v2_artifacts" name="test_evidence_runner_rejects_self_consistent_junit_semantic_bypasses[uncollected_identity-independent collection]" time="0.059" /><testcase classname="tests.integration.test_v2_artifacts" name="test_evidence_runner_rejects_self_consistent_junit_semantic_bypasses[hidden_failure-failures.*suite totals]" time="0.054" /><testcase classname="tests.integration.test_v2_artifacts" name="test_evidence_runner_rejects_self_consistent_junit_semantic_bypasses[all_skipped-failed, errored, or skipped tests]" time="0.056" /><testcase classname="tests.integration.test_v2_artifacts" name="test_evidence_and_build_reject_noncanonical_preflight_bytes[reformat-inventory-evidence]" time="0.013" /><testcase classname="tests.integration.test_v2_artifacts" name="test_evidence_and_build_reject_noncanonical_preflight_bytes[reformat-inventory-build]" time="0.012" /><testcase classname="tests.integration.test_v2_artifacts" name="test_evidence_and_build_reject_noncanonical_preflight_bytes[reformat-prior_lock-evidence]" time="0.014" /><testcase classname="tests.integration.test_v2_artifacts" name="test_evidence_and_build_reject_noncanonical_preflight_bytes[reformat-prior_lock-build]" time="0.013" /><testcase classname="tests.integration.test_v2_artifacts" name="test_evidence_and_build_reject_noncanonical_preflight_bytes[bom-inventory-evidence]" time="0.013" /><testcase classname="tests.integration.test_v2_artifacts" name="test_evidence_and_build_reject_noncanonical_preflight_bytes[bom-inventory-build]" time="0.011" /><testcase classname="tests.integration.test_v2_artifacts" name="test_evidence_and_build_reject_noncanonical_preflight_bytes[bom-prior_lock-evidence]" time="0.013" /><testcase classname="tests.integration.test_v2_artifacts" name="test_evidence_and_build_reject_noncanonical_preflight_bytes[bom-prior_lock-build]" time="0.013" /><testcase classname="tests.integration.test_v2_artifacts" name="test_evidence_and_build_reject_noncanonical_preflight_bytes[crlf-inventory-evidence]" time="0.012" /><testcase classname="tests.integration.test_v2_artifacts" name="test_evidence_and_build_reject_noncanonical_preflight_bytes[crlf-inventory-build]" time="0.011" /><testcase classname="tests.integration.test_v2_artifacts" name="test_evidence_and_build_reject_noncanonical_preflight_bytes[crlf-prior_lock-evidence]" time="0.013" /><testcase classname="tests.integration.test_v2_artifacts" name="test_evidence_and_build_reject_noncanonical_preflight_bytes[crlf-prior_lock-build]" time="0.015" /><testcase classname="tests.integration.test_v2_validator_integrity" name="test_checked_in_candidate_passes_integrity_validation" time="1.290" /><testcase classname="tests.integration.test_v2_validator_integrity" name="test_validator_node_normalization_preserves_escaped_parameter_ids" time="0.001" /><testcase classname="tests.integration.test_v2_validator_integrity" name="test_text_tampering_fails_even_after_outer_checksums_are_rebuilt" time="1.479" /><testcase classname="tests.integration.test_v2_validator_integrity" name="test_v2_research_record_rejects_official_only_citation_urls" time="0.002" /><testcase classname="tests.integration.test_v2_validator_integrity" name="test_v2_official_record_requires_matching_neutral_citation_urls" time="0.009" /><testcase classname="tests.integration.test_v2_validator_integrity" name="test_citation_page_ranges_fail_closed[1-None-page range is incomplete]" time="0.008" /><testcase classname="tests.integration.test_v2_validator_integrity" name="test_citation_page_ranges_fail_closed[None-1-page range is incomplete]" time="0.009" /><testcase classname="tests.integration.test_v2_validator_integrity" name="test_citation_page_ranges_fail_closed[2-1-page range is reversed]" time="0.007" /><testcase classname="tests.integration.test_v2_validator_integrity" name="test_citation_page_ranges_fail_closed[True-1-positive integers]" time="0.007" /><testcase classname="tests.integration.test_v2_validator_integrity" name="test_citation_page_ranges_fail_closed[1-1-positive integers]" time="0.008" /><testcase classname="tests.integration.test_v2_validator_integrity" name="test_citation_without_pages_requires_version_appropriate_fallback[v001]" time="0.008" /><testcase classname="tests.integration.test_v2_validator_integrity" name="test_citation_without_pages_requires_version_appropriate_fallback[v002]" time="0.007" /><testcase classname="tests.integration.test_v2_validator_integrity" name="test_v2_rejects_legacy_successor_chunk_id" time="0.008" /><testcase classname="tests.integration.test_v2_validator_integrity" name="test_v2_crosswalk_requires_explicit_supersession_linkage" time="0.016" /><testcase classname="tests.integration.test_v2_validator_integrity" name="test_v2_allowlist_requires_explicit_supersession_linkage" time="0.015" /><testcase classname="tests.integration.test_v2_validator_integrity" name="test_candidate_text_byte_gate_rejects_noncanonical_bytes[bom]" time="0.007" /><testcase classname="tests.integration.test_v2_validator_integrity" name="test_candidate_text_byte_gate_rejects_noncanonical_bytes[crlf]" time="0.008" /><testcase classname="tests.integration.test_v2_validator_integrity" name="test_candidate_text_byte_gate_rejects_noncanonical_bytes[lone-cr]" time="0.007" /><testcase classname="tests.integration.test_v2_validator_integrity" name="test_formal_validation_rejects_nonrepository_schema" time="0.036" /><testcase classname="tests.integration.test_v2_validator_integrity" name="test_formal_evidence_chain_validates_and_detects_copied_junit_tampering" time="0.827" /><testcase classname="tests.integration.test_v2_validator_integrity" name="test_formal_evidence_rejects_self_consistent_uncollected_testcase" time="0.781" /><testcase classname="tests.integration.test_v2_validator_integrity" name="test_formal_evidence_recomputes_testcase_failure_children" time="0.196" /><testcase classname="tests.integration.test_v2_validator_integrity" name="test_formal_evidence_rejects_all_skipped_suite" time="0.185" /><testcase classname="tests.integration.test_v2_validator_integrity" name="test_formal_evidence_rejects_unknown_report_fields" time="0.123" /><testcase classname="tests.integration.test_v2_validator_integrity" name="test_formal_evidence_rejects_self_consistent_failed_execution_receipt" time="0.177" /><testcase classname="tests.integration.test_v2_validator_integrity" name="test_formal_evidence_rejects_fictional_executed_argv" time="0.187" /><testcase classname="tests.integration.test_v2_validator_integrity" name="test_formal_evidence_rejects_not_required_status" time="0.006" /><testcase classname="tests.integration.test_v2_validator_integrity" name="test_inventory_rejects_a_self_consistent_declared_subset" time="0.143" /><testcase classname="tests.integration.test_v2_validator_integrity" name="test_preflight_documents_require_exact_utf8_lf_deterministic_bytes[whitespace-deterministic JSON form-validation-inventory]" time="0.120" /><testcase classname="tests.integration.test_v2_validator_integrity" name="test_preflight_documents_require_exact_utf8_lf_deterministic_bytes[whitespace-deterministic JSON form-prior-lock]" time="0.112" /><testcase classname="tests.integration.test_v2_validator_integrity" name="test_preflight_documents_require_exact_utf8_lf_deterministic_bytes[reformat-deterministic JSON form-validation-inventory]" time="0.133" /><testcase classname="tests.integration.test_v2_validator_integrity" name="test_preflight_documents_require_exact_utf8_lf_deterministic_bytes[reformat-deterministic JSON form-prior-lock]" time="0.114" /><testcase classname="tests.integration.test_v2_validator_integrity" name="test_preflight_documents_require_exact_utf8_lf_deterministic_bytes[bom-BOM-validation-inventory]" time="0.098" /><testcase classname="tests.integration.test_v2_validator_integrity" name="test_preflight_documents_require_exact_utf8_lf_deterministic_bytes[bom-BOM-prior-lock]" time="0.095" /><testcase classname="tests.integration.test_v2_validator_integrity" name="test_preflight_documents_require_exact_utf8_lf_deterministic_bytes[crlf-LF-only-validation-inventory]" time="0.101" /><testcase classname="tests.integration.test_v2_validator_integrity" name="test_preflight_documents_require_exact_utf8_lf_deterministic_bytes[crlf-LF-only-prior-lock]" time="0.097" /><testcase classname="tests.integration.test_v2_validator_integrity" name="test_preflight_documents_require_exact_utf8_lf_deterministic_bytes[invalid-utf8-not UTF-8-validation-inventory]" time="0.095" /><testcase classname="tests.integration.test_v2_validator_integrity" name="test_preflight_documents_require_exact_utf8_lf_deterministic_bytes[invalid-utf8-not UTF-8-prior-lock]" time="0.092" /><testcase classname="tests.integration.test_v2_validator_integrity" name="test_validator_inventory_path_sets_match_the_builder" time="0.107" /><testcase classname="tests.unit.test_allowlist_and_loader" name="test_allowlist_normalizes_missing_entry_source_id" time="0.008" /><testcase classname="tests.unit.test_allowlist_and_loader" name="test_governance_is_exposed_and_external_execution_fails_closed" time="0.008" /><testcase classname="tests.unit.test_allowlist_and_loader" name="test_external_hash_attestation_is_required_and_must_match[None]" time="0.006" /><testcase classname="tests.unit.test_allowlist_and_loader" name="test_external_hash_attestation_is_required_and_must_match[not-a-sha256]" time="0.007" /><testcase classname="tests.unit.test_allowlist_and_loader" name="test_external_hash_attestation_is_required_and_must_match[0000000000000000000000000000000000000000000000000000000000000000]" time="0.008" /><testcase classname="tests.unit.test_allowlist_and_loader" name="test_matching_external_hash_attestation_allows_effective_manifest" time="0.008" /><testcase classname="tests.unit.test_allowlist_and_loader" name="test_unsigned_staging_override_allows_exactly_attested_development_manifest" time="0.013" /><testcase classname="tests.unit.test_allowlist_and_loader" name="test_unsigned_staging_override_never_bypasses_external_hash_attestation[None]" time="0.008" /><testcase classname="tests.unit.test_allowlist_and_loader" name="test_unsigned_staging_override_never_bypasses_external_hash_attestation[0000000000000000000000000000000000000000000000000000000000000000]" time="0.010" /><testcase classname="tests.unit.test_allowlist_and_loader" name="test_owner_signature_can_still_be_required_explicitly_in_staging" time="0.008" /><testcase classname="tests.unit.test_allowlist_and_loader" name="test_production_context_never_uses_unsigned_override[production-False]" time="0.010" /><testcase classname="tests.unit.test_allowlist_and_loader" name="test_production_context_never_uses_unsigned_override[production-True]" time="0.008" /><testcase classname="tests.unit.test_allowlist_and_loader" name="test_production_context_never_uses_unsigned_override[staging-True]" time="0.008" /><testcase classname="tests.unit.test_allowlist_and_loader" name="test_revoked_manifest_is_not_eligible_for_unsigned_staging_override" time="0.021" /><testcase classname="tests.unit.test_allowlist_and_loader" name="test_chunk_outside_allowlist_is_rejected" time="0.022" /><testcase classname="tests.unit.test_allowlist_and_loader" name="test_duplicate_chunk_id_is_rejected" time="0.034" /><testcase classname="tests.unit.test_allowlist_and_loader" name="test_unreviewed_sibling_directories_are_rejected[pending-revalidation]" time="0.009" /><testcase classname="tests.unit.test_allowlist_and_loader" name="test_unreviewed_sibling_directories_are_rejected[not-authorized]" time="0.008" /><testcase classname="tests.unit.test_allowlist_and_loader" name="test_invalid_jsonl_is_rejected_without_returning_partial_set" time="0.010" /><testcase classname="tests.unit.test_allowlist_and_loader" name="test_duplicate_json_key_is_rejected_without_returning_partial_set" time="0.011" /><testcase classname="tests.unit.test_allowlist_and_loader" name="test_allowlist_duplicate_ids_are_rejected" time="0.011" /><testcase classname="tests.unit.test_allowlist_and_loader" name="test_allowlist_duplicate_json_key_is_rejected" time="0.009" /><testcase classname="tests.unit.test_allowlist_and_loader" name="test_unsigned_override_cannot_bypass_declared_allowlist_counts[source_count]" time="0.010" /><testcase classname="tests.unit.test_allowlist_and_loader" name="test_unsigned_override_cannot_bypass_declared_allowlist_counts[chunk_count]" time="0.009" /><testcase classname="tests.unit.test_allowlist_builder" name="test_rebuilt_manifest_is_accepted_by_the_real_validator" time="0.019" /><testcase classname="tests.unit.test_allowlist_builder" name="test_rebuild_is_stable_when_nothing_changed" time="0.014" /><testcase classname="tests.unit.test_allowlist_builder" name="test_reformatting_alone_is_not_reported_as_a_change" time="0.010" /><testcase classname="tests.unit.test_allowlist_builder" name="test_edited_chunk_text_is_reported_as_rehashed" time="0.014" /><testcase classname="tests.unit.test_allowlist_builder" name="test_chunk_from_an_unreviewed_source_is_refused" time="0.009" /><testcase classname="tests.unit.test_allowlist_builder" name="test_builder_refuses_to_hash_uncleared_directories[pending-revalidation]" time="0.007" /><testcase classname="tests.unit.test_allowlist_builder" name="test_builder_refuses_to_hash_uncleared_directories[not-authorized]" time="0.009" /><testcase classname="tests.unit.test_allowlist_builder" name="test_governance_is_carried_over_and_never_elevated" time="0.011" /><testcase classname="tests.unit.test_allowlist_builder" name="test_removed_chunk_file_drops_the_entry_and_updates_counts" time="0.011" /><testcase classname="tests.unit.test_bedrock_embedder" name="test_embedder_uses_cohere_v4_document_shape_and_parses_both_responses[False]" time="0.002" /><testcase classname="tests.unit.test_bedrock_embedder" name="test_embedder_uses_cohere_v4_document_shape_and_parses_both_responses[True]" time="0.002" /><testcase classname="tests.unit.test_bedrock_embedder" name="test_wrong_vector_dimension_fails_entire_embedding_run" time="0.001" /><testcase classname="tests.unit.test_bedrock_embedder" name="test_external_embedding_artifact_round_trip" time="0.019" /><testcase classname="tests.unit.test_bedrock_embedder" name="test_embedding_artifact_inside_repo_is_rejected" time="0.009" /><testcase classname="tests.unit.test_bedrock_embedder" name="test_embedding_artifact_rejects_model_mismatch" time="0.021" /><testcase classname="tests.unit.test_bedrock_embedder" name="test_embedding_artifact_rejects_allowlist_mismatch" time="0.016" /><testcase classname="tests.unit.test_bedrock_embedder" name="test_embedding_artifact_rejects_dimension_mismatch_in_manifest" time="0.021" /><testcase classname="tests.unit.test_bulk_ingester" name="test_bulk_ingest_uses_chunk_id_as_id_and_verifies_count" time="0.011" /><testcase classname="tests.unit.test_bulk_ingester" name="test_wrong_vector_dimension_fails_before_bulk" time="0.010" /><testcase classname="tests.unit.test_bulk_ingester" name="test_verify_waits_for_serverless_document_visibility" time="0.014" /><testcase classname="tests.unit.test_bulk_ingester" name="test_post_ingest_count_mismatch_rolls_back_staging_index" time="0.011" /><testcase classname="tests.unit.test_bulk_ingester" name="test_count_above_expected_rolls_back_without_waiting" time="0.010" /><testcase classname="tests.unit.test_bulk_ingester" name="test_post_ingest_duplicate_chunk_id_rolls_back" time="0.011" /><testcase classname="tests.unit.test_bulk_ingester" name="test_high_risk_filter_fields_are_normalized_at_top_level" time="0.013" /><testcase classname="tests.unit.test_bulk_ingester" name="test_official_page_url_is_accepted_when_no_direct_file_link_exists" time="0.011" /><testcase classname="tests.unit.test_bulk_ingester" name="test_direct_file_link_still_wins_over_the_page_url" time="0.009" /><testcase classname="tests.unit.test_bulk_ingester" name="test_unpaginated_source_is_indexed_without_page_numbers" time="0.013" /><testcase classname="tests.unit.test_bulk_ingester" name="test_half_populated_page_range_is_rejected" time="0.010" /><testcase classname="tests.unit.test_bulk_ingester" name="test_missing_stop_normal_rag_defaults_to_blocked" time="0.012" /><testcase classname="tests.unit.test_bulk_ingester" name="test_complete_policy_metadata_is_explicitly_retrieval_eligible" time="0.010" /><testcase classname="tests.unit.test_bulk_ingester" name="test_incomplete_policy_metadata_is_indexed_but_blocked[current_status-unknown-current_status_not_current]" time="0.011" /><testcase classname="tests.unit.test_bulk_ingester" name="test_incomplete_policy_metadata_is_indexed_but_blocked[risk_level-unknown-risk_level_not_allowed]" time="0.012" /><testcase classname="tests.unit.test_bulk_ingester" name="test_incomplete_policy_metadata_is_indexed_but_blocked[risk_level-LOW-risk_level_not_allowed]" time="0.012" /><testcase classname="tests.unit.test_bulk_ingester" name="test_incomplete_policy_metadata_is_indexed_but_blocked[allowed_audiences-value3-allowed_audiences_missing_or_empty]" time="0.011" /><testcase classname="tests.unit.test_bulk_ingester" name="test_incomplete_policy_metadata_is_indexed_but_blocked[allowed_audiences-value4-allowed_audiences_missing_or_empty]" time="0.011" /><testcase classname="tests.unit.test_bulk_ingester" name="test_incomplete_policy_metadata_is_indexed_but_blocked[allowed_purposes-value5-allowed_purposes_missing_or_empty]" time="0.017" /><testcase classname="tests.unit.test_bulk_ingester" name="test_incomplete_policy_metadata_is_indexed_but_blocked[requires_official_assessment-None-requires_official_assessment_missing]" time="0.011" /><testcase classname="tests.unit.test_bulk_ingester" name="test_incomplete_policy_metadata_is_indexed_but_blocked[requires_professional_assessment-None-requires_professional_assessment_missing]" time="0.010" /><testcase classname="tests.unit.test_bulk_ingester" name="test_assessment_metadata_must_be_a_real_boolean[requires_official_assessment]" time="0.015" /><testcase classname="tests.unit.test_bulk_ingester" name="test_assessment_metadata_must_be_a_real_boolean[requires_professional_assessment]" time="0.012" /><testcase classname="tests.unit.test_cli" name="test_cli_embedding_failure_reports_success_and_failure_counts" time="0.002" /><testcase classname="tests.unit.test_cli" name="test_inspect_pipelines_is_read_only_and_reports_governance_and_mismatch" time="0.012" /><testcase classname="tests.unit.test_cli" name="test_cli_reports_safe_dependency_diagnostics" time="0.002" /><testcase classname="tests.unit.test_cli" name="test_cli_reports_safe_local_configuration_failure_reason[IndexConfigurationError]" time="0.002" /><testcase classname="tests.unit.test_cli" name="test_cli_reports_safe_local_configuration_failure_reason[SettingsError]" time="0.002" /><testcase classname="tests.unit.test_cli" name="test_cli_reports_safe_local_configuration_failure_reason[SmokeTestError]" time="0.001" /><testcase classname="tests.unit.test_cli" name="test_cli_rejects_unsafe_local_configuration_failure_reason[unsafe\nreason]" time="0.002" /><testcase classname="tests.unit.test_cli" name="test_cli_rejects_unsafe_local_configuration_failure_reason[xxxxxxxxxxxxxxxxxxxxxxxxxxxxxxxxxxxxxxxxxxxxxxxxxxxxxxxxxxxxxxxxxxxxxxxxxxxxxxxxxxxxxxxxxxxxxxxxxxxxxxxxxxxxxxxxxxxxxxxxxxxxxxxxxxxxxxxxxxxxxxxxxxxxxxxxxxxxxxxxxxxxxxxxxxxxxxxxxxxxxxxxxxxxxxxxxxxxxxxxxxxxxxxxxxxxxxxxxxxxxxxxxxxxxxxxxxxxxxxxxxxxxxxxxxxxxxxxxxxxxxxxxxxxxxxxxxxxxxxxxxxxxxxxxxxxxxxxxxxxxxxxxxxxxxxxxxxxxxxxxxxxxxxxxxxxxxxxxxxxxxxxxxxxxxxxxxxxxxxxxxxxxxxxxxxxxxxxxxxxxxxxxxxxxxxxxxxxxxxxxxxxxxxxxxxxxxxxxxxxxxxxxxxxxxxxxxxxxxxxxxxxxxxxxxxxxxxxxxxxxxxxxxxxxxxxxxxxxxxxxxxxxxxxxxxxxxxxxxxxxxxxxxxxxxxxx]" time="0.002" /><testcase classname="tests.unit.test_cli" name="test_cli_create_index_reports_bounded_opensearch_reason" time="0.002" /><testcase classname="tests.unit.test_cli" name="test_cli_create_index_uses_safe_root_cause_reason" time="0.001" /><testcase classname="tests.unit.test_cli" name="test_cli_only_emits_safe_create_index_request_reason[unsafe\nreason]" time="0.002" /><testcase classname="tests.unit.test_cli" name="test_cli_only_emits_safe_create_index_request_reason[xxxxxxxxxxxxxxxxxxxxxxxxxxxxxxxxxxxxxxxxxxxxxxxxxxxxxxxxxxxxxxxxxxxxxxxxxxxxxxxxxxxxxxxxxxxxxxxxxxxxxxxxxxxxxxxxxxxxxxxxxxxxxxxxxxxxxxxxxxxxxxxxxxxxxxxxxxxxxxxxxxxxxxxxxxxxxxxxxxxxxxxxxxxxxxxxxxxxxxxxxxxxxxxxxxxxxxxxxxxxxxxxxxxxxxxxxxxxxxxxxxxxxxxxxxxxxxxxxxxxxxxxxxxxxxxxxxxxxxxxxxxxxxxxxxxxxxxxxxxxxxxxxxxxxxxxxxxxxxxxxxxxxxxxxxxxxxxxxxxxxxxxxxxxxxxxxxxxxxxxxxxxxxxxxxxxxxxxxxxxxxxxxxxxxxxxxxxxxxxxxxxxxxxxxxxxxxxxxxxxxxxxxxxxxxxxxxxxxxxxxxxxxxxxxxxxxxxxxxxxxxxxxxxxxxxxxxxxxxxxxxxxxxxxxxxxxxxxxxxxxxxxxxxxxxxxx]" time="0.001" /><testcase classname="tests.unit.test_cli" name="test_cli_does_not_emit_request_reason_for_ingest" time="0.002" /><testcase classname="tests.unit.test_cli" name="test_generate_embeddings_passes_effective_allowlist_to_guarded_workflow" time="0.012" /><testcase classname="tests.unit.test_cli" name="test_external_commands_check_attestation_before_sdk_initialization[_create_index]" time="0.011" /><testcase classname="tests.unit.test_cli" name="test_external_commands_check_attestation_before_sdk_initialization[_generate_embeddings]" time="0.010" /><testcase classname="tests.unit.test_cli" name="test_external_commands_check_attestation_before_sdk_initialization[_ingest]" time="0.015" /><testcase classname="tests.unit.test_cli" name="test_external_commands_check_attestation_before_sdk_initialization[_verify_index]" time="0.013" /><testcase classname="tests.unit.test_cli" name="test_external_commands_check_attestation_before_sdk_initialization[_smoke_test]" time="0.011" /><testcase classname="tests.unit.test_cli" name="test_cli_governance_failure_log_marks_unsigned_development_override" time="0.014" /><testcase classname="tests.unit.test_cli" name="test_cli_post_gate_failure_log_retains_unsigned_governance_markers" time="0.012" /><testcase classname="tests.unit.test_cli" name="test_ingest_persists_verified_receipt_before_alias_activation" time="0.013" /><testcase classname="tests.unit.test_cli" name="test_alias_failure_deletes_new_index_and_persists_failed_receipt" time="0.018" /><testcase classname="tests.unit.test_cli" name="test_final_receipt_failure_restores_alias_and_deletes_new_index" time="0.013" /><testcase classname="tests.unit.test_cli" name="test_multiple_preexisting_alias_targets_are_not_collapsed_to_first" time="0.014" /><testcase classname="tests.unit.test_cli" name="test_smoke_test_queries_verified_alias_not_concrete_index" time="0.017" /><testcase classname="tests.unit.test_cli" name="test_cli_reports_bulk_error_classes_from_the_wrapped_cause" time="0.002" /><testcase classname="tests.unit.test_cli" name="test_cli_reports_provider_error_code_without_the_provider_message" time="0.002" /><testcase classname="tests.unit.test_cli" name="test_persist_receipt_retains_one_file_per_run" time="0.052" /><testcase classname="tests.unit.test_cli" name="test_run_receipt_path_rejects_a_run_id_that_could_escape_the_directory" time="0.001" /><testcase classname="tests.unit.test_cli" name="test_missing_agent_runtime_url_fails_before_opensearch_initialization" time="0.012" /><testcase classname="tests.unit.test_index_manager" name="test_create_fresh_staging_index_and_verify_mapping" time="0.007" /><testcase classname="tests.unit.test_index_manager" name="test_nextgen_index_config_rejects_method_engine" time="0.008" /><testcase classname="tests.unit.test_index_manager" name="test_nextgen_index_config_rejects_missing_required_vector_mapping[missing_path0]" time="0.012" /><testcase classname="tests.unit.test_index_manager" name="test_nextgen_index_config_rejects_missing_required_vector_mapping[missing_path1]" time="0.010" /><testcase classname="tests.unit.test_index_manager" name="test_nextgen_index_config_rejects_missing_required_vector_mapping[missing_path2]" time="0.011" /><testcase classname="tests.unit.test_index_manager" name="test_nextgen_index_config_rejects_missing_required_vector_mapping[missing_path3]" time="0.009" /><testcase classname="tests.unit.test_index_manager" name="test_nextgen_index_config_rejects_missing_required_vector_mapping[missing_path4]" time="0.014" /><testcase classname="tests.unit.test_index_manager" name="test_nextgen_index_config_rejects_invalid_required_vector_mapping[text-1024-cosinesimil-hnsw]" time="0.009" /><testcase classname="tests.unit.test_index_manager" name="test_nextgen_index_config_rejects_invalid_required_vector_mapping[knn_vector-1536-cosinesimil-hnsw]" time="0.008" /><testcase classname="tests.unit.test_index_manager" name="test_nextgen_index_config_rejects_invalid_required_vector_mapping[knn_vector-1024-l2-hnsw]" time="0.008" /><testcase classname="tests.unit.test_index_manager" name="test_nextgen_index_config_rejects_invalid_required_vector_mapping[knn_vector-1024-cosinesimil-ivf]" time="0.009" /><testcase classname="tests.unit.test_index_manager" name="test_checked_in_nextgen_index_config_uses_engine_free_mapping" time="0.003" /><testcase classname="tests.unit.test_index_manager" name="test_existing_index_is_not_overwritten" time="0.008" /><testcase classname="tests.unit.test_index_manager" name="test_mapping_readback_failure_rolls_back_new_index" time="0.008" /><testcase classname="tests.unit.test_index_manager" name="test_mapping_verification_retries_a_transient_not_found" time="0.008" /><testcase classname="tests.unit.test_index_manager" name="test_non_staging_config_is_rejected_when_creating_staging_index" time="0.009" /><testcase classname="tests.unit.test_index_manager" name="test_search_pipeline_names_and_weights_are_loaded_and_provisioned" time="0.011" /><testcase classname="tests.unit.test_index_manager" name="test_pipeline_provider_failure_is_not_converted_to_a_local_failure_reason" time="0.015" /><testcase classname="tests.unit.test_index_manager" name="test_search_pipeline_verification_retries_until_resource_is_visible" time="0.010" /><testcase classname="tests.unit.test_index_manager" name="test_search_pipeline_visibility_timeout_retains_pipeline_and_does_not_create_index" time="0.011" /><testcase classname="tests.unit.test_index_manager" name="test_pipeline_verification_polls_all_pending_pipelines_in_one_window" time="0.012" /><testcase classname="tests.unit.test_index_manager" name="test_pipeline_mismatch_is_detected_before_any_put" time="0.049" /><testcase classname="tests.unit.test_index_manager" name="test_matching_existing_pipeline_is_reused_without_put" time="0.040" /><testcase classname="tests.unit.test_index_manager" name="test_pipeline_inspection_reads_each_pipeline_once_without_mutation" time="0.011" /><testcase classname="tests.unit.test_index_manager" name="test_pipeline_inspection_reports_missing_without_a_configuration_match" time="0.006" /><testcase classname="tests.unit.test_index_manager" name="test_default_visibility_window_is_sixty_seconds" time="0.001" /><testcase classname="tests.unit.test_index_manager" name="test_alias_verification_requires_exactly_one_configured_target" time="0.001" /><testcase classname="tests.unit.test_opensearch_client" name="test_bulk_create_omits_the_refresh_policy_serverless_rejects" time="0.001" /><testcase classname="tests.unit.test_opensearch_client" name="test_from_aws_sets_a_timeout_large_enough_for_a_full_bulk" time="0.001" /><testcase classname="tests.unit.test_opensearch_client" name="test_search_pipeline_requires_acknowledgement" time="0.001" /><testcase classname="tests.unit.test_opensearch_client" name="test_search_pipeline_put_uses_configured_name_and_body" time="0.001" /><testcase classname="tests.unit.test_opensearch_client" name="test_signing_service_is_inferred_from_hostname[https://collection.us-east-1.aoss.amazonaws.com-aoss]" time="0.001" /><testcase classname="tests.unit.test_opensearch_client" name="test_signing_service_is_inferred_from_hostname[search-domain.us-east-1.es.amazonaws.com-es]" time="0.001" /><testcase classname="tests.unit.test_opensearch_client" name="test_signing_service_is_inferred_from_hostname[localhost-es]" time="0.001" /><testcase classname="tests.unit.test_opensearch_client" name="test_smoke_query_requires_explicit_normal_rag_eligibility" time="0.001" /><testcase classname="tests.unit.test_opensearch_client" name="test_smoke_query_rejects_ineligible_hit[current_status-unknown]" time="0.001" /><testcase classname="tests.unit.test_opensearch_client" name="test_smoke_query_rejects_ineligible_hit[stop_normal_rag-True]" time="0.001" /><testcase classname="tests.unit.test_opensearch_client" name="test_smoke_query_rejects_ineligible_hit[risk_level-unknown]" time="0.001" /><testcase classname="tests.unit.test_opensearch_client" name="test_smoke_query_rejects_ineligible_hit[retrieval_eligible-False]" time="0.001" /><testcase classname="tests.unit.test_opensearch_client" name="test_smoke_query_rejects_ineligible_hit[retrieval_block_reasons-value4]" time="0.001" /><testcase classname="tests.unit.test_rag_chunk_v2_schema_contract" name="test_v1_schema_bytes_remain_frozen" time="0.002" /><testcase classname="tests.unit.test_rag_chunk_v2_schema_contract" name="test_immutable_v001_candidate_remains_valid" time="1.057" /><testcase classname="tests.unit.test_rag_chunk_v2_schema_contract" name="test_v1_schema_rejects_v21_citation_fields" time="0.002" /><testcase classname="tests.unit.test_rag_chunk_v2_schema_contract" name="test_v002_official_source_accepts_neutral_and_official_urls" time="0.044" /><testcase classname="tests.unit.test_rag_chunk_v2_schema_contract" name="test_v002_requires_both_neutral_source_url_fields[direct_source_url]" time="0.002" /><testcase classname="tests.unit.test_rag_chunk_v2_schema_contract" name="test_v002_requires_both_neutral_source_url_fields[source_page_url]" time="0.002" /><testcase classname="tests.unit.test_rag_chunk_v2_schema_contract" name="test_v002_non_official_source_requires_null_official_urls" time="0.008" /><testcase classname="tests.unit.test_rag_chunk_v2_schema_contract" name="test_artifact_and_schema_versions_must_match[v001-2.1.0]" time="0.002" /><testcase classname="tests.unit.test_rag_chunk_v2_schema_contract" name="test_artifact_and_schema_versions_must_match[v002-2.0.0]" time="0.002" /><testcase classname="tests.unit.test_settings_and_receipt" name="test_settings_reject_non_1024_dimension" time="0.030" /><testcase classname="tests.unit.test_settings_and_receipt" name="test_settings_reject_production_index_name" time="0.003" /><testcase classname="tests.unit.test_settings_and_receipt" name="test_settings_do_not_require_aws_for_local_validation" time="0.003" /><testcase classname="tests.unit.test_settings_and_receipt" name="test_uncleared_chunk_directories_are_refused_before_any_load[pending-revalidation]" time="0.003" /><testcase classname="tests.unit.test_settings_and_receipt" name="test_uncleared_chunk_directories_are_refused_before_any_load[not-authorized]" time="0.003" /><testcase classname="tests.unit.test_settings_and_receipt" name="test_smoke_test_requires_explicit_agent_runtime_base_url" time="0.004" /><testcase classname="tests.unit.test_settings_and_receipt" name="test_unrelated_dotenv_keys_are_ignored" time="0.010" /><testcase classname="tests.unit.test_settings_and_receipt" name="test_governance_environment_flags_default_false_and_parse_explicit_values" time="0.003" /><testcase classname="tests.unit.test_settings_and_receipt" name="test_first_release_refuses_non_staging_external_targets[settings0]" time="0.001" /><testcase classname="tests.unit.test_settings_and_receipt" name="test_first_release_refuses_non_staging_external_targets[settings1]" time="0.001" /><testcase classname="tests.unit.test_settings_and_receipt" name="test_receipt_contains_governance_and_never_vectors_or_text" time="0.022" /><testcase classname="tests.unit.test_settings_and_receipt" name="test_receipt_revalidates_allowlist_attestation_instead_of_trusting_caller" time="0.009" /><testcase classname="tests.unit.test_smoke_test" name="test_checked_in_smoke_config_has_distinct_positive_and_no_data_requests" time="0.003" /><testcase classname="tests.unit.test_smoke_test" name="test_http_smoke_validates_positive_citations_and_no_data_fallback" time="0.001" /><testcase classname="tests.unit.test_smoke_test" name="test_unreachable_agent_runtime_fails_smoke" time="0.001" /><testcase classname="tests.unit.test_smoke_test" name="test_incomplete_positive_citation_fails_smoke" time="0.001" /><testcase classname="tests.unit.test_smoke_test" name="test_no_data_case_must_not_return_success_results" time="0.001" /><testcase classname="tests.unit.test_validator" name="test_hash_mismatch_stops_validation" time="0.010" /><testcase classname="tests.unit.test_validator" name="test_missing_embedding_text_is_rejected" time="0.011" /><testcase classname="tests.unit.test_validator" name="test_duplicate_chunk_id_is_rejected_even_if_loader_is_bypassed" time="0.011" /><testcase classname="tests.unit.test_validator" name="test_valid_complete_set_returns_counts" time="0.011" /></testsuite></testsuites>